<?xml version="1.0" encoding="UTF-8"?>
<!-- Generated by org.testng.reporters.JUnitReportReporter -->
<testsuite hostname="reddy" failures="0" tests="1" name="myproject3.logintest2" time="11.806" errors="0" timestamp="2022-05-17T13:20:12 IST" skipped="0">
  <testcase classname="myproject3.logintest2" name="logintest" time="11.806"/>
  <system-out/>
</testsuite> <!-- myproject3.logintest2 -->
